{"C:\\Users\\SAMU\\Desktop\\back-end\\Registro-pacientes-Veterinaria\\src\\index.ts": {"path":"C:\\Users\\SAMU\\Desktop\\back-end\\Registro-pacientes-Veterinaria\\src\\index.ts","statementMap":{"0":{"start":{"line":1,"column":0},"end":{"line":1,"column":30}},"1":{"start":{"line":2,"column":0},"end":{"line":2,"column":45}},"2":{"start":{"line":3,"column":0},"end":{"line":3,"column":57}},"3":{"start":{"line":4,"column":0},"end":{"line":4,"column":59}},"4":{"start":{"line":5,"column":0},"end":{"line":5,"column":47}},"5":{"start":{"line":6,"column":0},"end":{"line":6,"column":45}},"6":{"start":{"line":7,"column":0},"end":{"line":7,"column":60}},"7":{"start":{"line":8,"column":0},"end":{"line":8,"column":52}},"8":{"start":{"line":9,"column":0},"end":{"line":9,"column":24}},"9":{"start":{"line":10,"column":0},"end":{"line":10,"column":24}},"10":{"start":{"line":11,"column":0},"end":{"line":11,"column":51}},"11":{"start":{"line":12,"column":0},"end":{"line":12,"column":52}},"12":{"start":{"line":14,"column":12},"end":{"line":14,"column":21}},"13":{"start":{"line":15,"column":0},"end":{"line":15,"column":28}},"14":{"start":{"line":17,"column":0},"end":{"line":21,"column":4}},"15":{"start":{"line":22,"column":0},"end":{"line":22,"column":24}},"16":{"start":{"line":23,"column":0},"end":{"line":23,"column":16}},"17":{"start":{"line":24,"column":0},"end":{"line":24,"column":28}},"18":{"start":{"line":25,"column":0},"end":{"line":25,"column":35}},"19":{"start":{"line":26,"column":0},"end":{"line":26,"column":null}},"20":{"start":{"line":27,"column":0},"end":{"line":27,"column":26}},"21":{"start":{"line":28,"column":0},"end":{"line":28,"column":33}},"22":{"start":{"line":29,"column":0},"end":{"line":29,"column":31}},"23":{"start":{"line":30,"column":0},"end":{"line":30,"column":29}},"24":{"start":{"line":31,"column":0},"end":{"line":31,"column":22}},"25":{"start":{"line":34,"column":0},"end":{"line":34,"column":61}},"26":{"start":{"line":36,"column":13},"end":{"line":36,"column":37}},"27":{"start":{"line":38,"column":0},"end":{"line":38,"column":19}}},"fnMap":{},"branchMap":{"0":{"loc":{"start":{"line":36,"column":13},"end":{"line":36,"column":37}},"type":"binary-expr","locations":[{"start":{"line":36,"column":13},"end":{"line":36,"column":29}},{"start":{"line":36,"column":33},"end":{"line":36,"column":37}}]}},"s":{"0":3,"1":3,"2":3,"3":3,"4":3,"5":3,"6":3,"7":3,"8":3,"9":3,"10":3,"11":3,"12":3,"13":3,"14":3,"15":3,"16":3,"17":3,"18":3,"19":3,"20":3,"21":3,"22":3,"23":3,"24":3,"25":3,"26":3,"27":3},"f":{},"b":{"0":[3,0]}}
,"C:\\Users\\SAMU\\Desktop\\back-end\\Registro-pacientes-Veterinaria\\src\\controllers\\auth.controller.ts": {"path":"C:\\Users\\SAMU\\Desktop\\back-end\\Registro-pacientes-Veterinaria\\src\\controllers\\auth.controller.ts","statementMap":{"0":{"start":{"line":1,"column":0},"end":{"line":1,"column":47}},"1":{"start":{"line":3,"column":0},"end":{"line":3,"column":30}},"2":{"start":{"line":4,"column":0},"end":{"line":4,"column":31}},"3":{"start":{"line":5,"column":0},"end":{"line":5,"column":28}},"4":{"start":{"line":6,"column":0},"end":{"line":6,"column":16}},"5":{"start":{"line":7,"column":19},"end":{"line":7,"column":42}},"6":{"start":{"line":9,"column":14},"end":{"line":9,"column":33}},"7":{"start":{"line":11,"column":21},"end":{"line":50,"column":1}},"8":{"start":{"line":12,"column":33},"end":{"line":12,"column":41}},"9":{"start":{"line":14,"column":4},"end":{"line":46,"column":5}},"10":{"start":{"line":16,"column":28},"end":{"line":18,"column":10}},"11":{"start":{"line":20,"column":8},"end":{"line":22,"column":9}},"12":{"start":{"line":21,"column":11},"end":{"line":21,"column":null}},"13":{"start":{"line":23,"column":8},"end":{"line":25,"column":9}},"14":{"start":{"line":24,"column":12},"end":{"line":24,"column":null}},"15":{"start":{"line":26,"column":8},"end":{"line":28,"column":9}},"16":{"start":{"line":27,"column":12},"end":{"line":27,"column":73}},"17":{"start":{"line":31,"column":30},"end":{"line":31,"column":81}},"18":{"start":{"line":32,"column":8},"end":{"line":34,"column":9}},"19":{"start":{"line":33,"column":11},"end":{"line":33,"column":null}},"20":{"start":{"line":37,"column":22},"end":{"line":40,"column":null}},"21":{"start":{"line":43,"column":8},"end":{"line":43,"column":84}},"22":{"start":{"line":45,"column":8},"end":{"line":45,"column":20}},"23":{"start":{"line":11,"column":13},"end":{"line":11,"column":21}},"24":{"start":{"line":51,"column":37},"end":{"line":78,"column":1}},"25":{"start":{"line":52,"column":32},"end":{"line":52,"column":40}},"26":{"start":{"line":54,"column":4},"end":{"line":77,"column":5}},"27":{"start":{"line":55,"column":31},"end":{"line":62,"column":10}},"28":{"start":{"line":63,"column":8},"end":{"line":67,"column":9}},"29":{"start":{"line":64,"column":12},"end":{"line":66,"column":15}},"30":{"start":{"line":68,"column":26},"end":{"line":68,"column":40}},"31":{"start":{"line":69,"column":8},"end":{"line":73,"column":9}},"32":{"start":{"line":70,"column":12},"end":{"line":72,"column":null}},"33":{"start":{"line":51,"column":13},"end":{"line":51,"column":37}},"34":{"start":{"line":79,"column":29},"end":{"line":98,"column":1}},"35":{"start":{"line":80,"column":22},"end":{"line":80,"column":32}},"36":{"start":{"line":81,"column":29},"end":{"line":81,"column":37}},"37":{"start":{"line":83,"column":4},"end":{"line":97,"column":5}},"38":{"start":{"line":85,"column":23},"end":{"line":85,"column":57}},"39":{"start":{"line":87,"column":8},"end":{"line":92,"column":11}},"40":{"start":{"line":94,"column":8},"end":{"line":94,"column":77}},"41":{"start":{"line":96,"column":8},"end":{"line":96,"column":18}},"42":{"start":{"line":79,"column":13},"end":{"line":79,"column":29}}},"fnMap":{"0":{"name":"(anonymous_1)","decl":{"start":{"line":11,"column":21},"end":{"line":11,"column":26}},"loc":{"start":{"line":11,"column":76},"end":{"line":50,"column":1}}},"1":{"name":"(anonymous_2)","decl":{"start":{"line":51,"column":37},"end":{"line":51,"column":42}},"loc":{"start":{"line":51,"column":93},"end":{"line":78,"column":1}}},"2":{"name":"(anonymous_3)","decl":{"start":{"line":79,"column":29},"end":{"line":79,"column":34}},"loc":{"start":{"line":79,"column":87},"end":{"line":98,"column":1}}}},"branchMap":{"0":{"loc":{"start":{"line":20,"column":8},"end":{"line":22,"column":9}},"type":"if","locations":[{"start":{"line":20,"column":8},"end":{"line":22,"column":9}},{"start":{},"end":{}}]},"1":{"loc":{"start":{"line":23,"column":8},"end":{"line":25,"column":9}},"type":"if","locations":[{"start":{"line":23,"column":8},"end":{"line":25,"column":9}},{"start":{},"end":{}}]},"2":{"loc":{"start":{"line":26,"column":8},"end":{"line":28,"column":9}},"type":"if","locations":[{"start":{"line":26,"column":8},"end":{"line":28,"column":9}},{"start":{},"end":{}}]},"3":{"loc":{"start":{"line":32,"column":8},"end":{"line":34,"column":9}},"type":"if","locations":[{"start":{"line":32,"column":8},"end":{"line":34,"column":9}},{"start":{},"end":{}}]},"4":{"loc":{"start":{"line":63,"column":8},"end":{"line":67,"column":9}},"type":"if","locations":[{"start":{"line":63,"column":8},"end":{"line":67,"column":9}},{"start":{},"end":{}}]},"5":{"loc":{"start":{"line":69,"column":8},"end":{"line":73,"column":9}},"type":"if","locations":[{"start":{"line":69,"column":8},"end":{"line":73,"column":9}},{"start":{},"end":{}}]},"6":{"loc":{"start":{"line":69,"column":12},"end":{"line":69,"column":48}},"type":"binary-expr","locations":[{"start":{"line":69,"column":12},"end":{"line":69,"column":20}},{"start":{"line":69,"column":24},"end":{"line":69,"column":48}}]}},"s":{"0":3,"1":3,"2":3,"3":3,"4":3,"5":3,"6":3,"7":3,"8":0,"9":0,"10":0,"11":0,"12":0,"13":0,"14":0,"15":0,"16":0,"17":0,"18":0,"19":0,"20":0,"21":0,"22":0,"23":3,"24":3,"25":0,"26":0,"27":0,"28":0,"29":0,"30":0,"31":0,"32":0,"33":3,"34":3,"35":0,"36":0,"37":0,"38":0,"39":0,"40":0,"41":0,"42":3},"f":{"0":0,"1":0,"2":0},"b":{"0":[0,0],"1":[0,0],"2":[0,0],"3":[0,0],"4":[0,0],"5":[0,0],"6":[0,0]}}
,"C:\\Users\\SAMU\\Desktop\\back-end\\Registro-pacientes-Veterinaria\\src\\controllers\\medicamentos.controller.ts": {"path":"C:\\Users\\SAMU\\Desktop\\back-end\\Registro-pacientes-Veterinaria\\src\\controllers\\medicamentos.controller.ts","statementMap":{"0":{"start":{"line":2,"column":0},"end":{"line":2,"column":46}},"1":{"start":{"line":4,"column":15},"end":{"line":4,"column":33}},"2":{"start":{"line":6,"column":31},"end":{"line":20,"column":1}},"3":{"start":{"line":7,"column":4},"end":{"line":19,"column":5}},"4":{"start":{"line":8,"column":29},"end":{"line":15,"column":10}},"5":{"start":{"line":16,"column":8},"end":{"line":16,"column":31}},"6":{"start":{"line":18,"column":8},"end":{"line":18,"column":20}},"7":{"start":{"line":6,"column":13},"end":{"line":6,"column":31}},"8":{"start":{"line":22,"column":34},"end":{"line":44,"column":1}},"9":{"start":{"line":23,"column":19},"end":{"line":23,"column":29}},"10":{"start":{"line":24,"column":4},"end":{"line":43,"column":5}},"11":{"start":{"line":25,"column":28},"end":{"line":32,"column":10}},"12":{"start":{"line":34,"column":8},"end":{"line":38,"column":9}},"13":{"start":{"line":35,"column":12},"end":{"line":37,"column":15}},"14":{"start":{"line":40,"column":8},"end":{"line":40,"column":30}},"15":{"start":{"line":42,"column":8},"end":{"line":42,"column":20}},"16":{"start":{"line":22,"column":13},"end":{"line":22,"column":34}},"17":{"start":{"line":46,"column":33},"end":{"line":101,"column":1}},"18":{"start":{"line":47,"column":4},"end":{"line":100,"column":5}},"19":{"start":{"line":57,"column":12},"end":{"line":57,"column":20}},"20":{"start":{"line":60,"column":8},"end":{"line":64,"column":9}},"21":{"start":{"line":61,"column":12},"end":{"line":63,"column":15}},"22":{"start":{"line":67,"column":8},"end":{"line":71,"column":9}},"23":{"start":{"line":68,"column":12},"end":{"line":70,"column":15}},"24":{"start":{"line":74,"column":8},"end":{"line":78,"column":9}},"25":{"start":{"line":75,"column":12},"end":{"line":77,"column":15}},"26":{"start":{"line":81,"column":28},"end":{"line":95,"column":10}},"27":{"start":{"line":97,"column":8},"end":{"line":97,"column":42}},"28":{"start":{"line":99,"column":8},"end":{"line":99,"column":20}},"29":{"start":{"line":46,"column":13},"end":{"line":46,"column":33}},"30":{"start":{"line":103,"column":33},"end":{"line":165,"column":1}},"31":{"start":{"line":104,"column":19},"end":{"line":104,"column":29}},"32":{"start":{"line":105,"column":4},"end":{"line":164,"column":5}},"33":{"start":{"line":115,"column":12},"end":{"line":115,"column":20}},"34":{"start":{"line":118,"column":37},"end":{"line":120,"column":10}},"35":{"start":{"line":122,"column":8},"end":{"line":126,"column":9}},"36":{"start":{"line":123,"column":12},"end":{"line":125,"column":15}},"37":{"start":{"line":129,"column":8},"end":{"line":133,"column":9}},"38":{"start":{"line":130,"column":12},"end":{"line":132,"column":15}},"39":{"start":{"line":136,"column":8},"end":{"line":140,"column":9}},"40":{"start":{"line":137,"column":12},"end":{"line":139,"column":15}},"41":{"start":{"line":142,"column":39},"end":{"line":159,"column":10}},"42":{"start":{"line":161,"column":8},"end":{"line":161,"column":41}},"43":{"start":{"line":163,"column":8},"end":{"line":163,"column":20}},"44":{"start":{"line":103,"column":13},"end":{"line":103,"column":33}},"45":{"start":{"line":167,"column":33},"end":{"line":204,"column":1}},"46":{"start":{"line":168,"column":19},"end":{"line":168,"column":29}},"47":{"start":{"line":169,"column":4},"end":{"line":203,"column":5}},"48":{"start":{"line":171,"column":28},"end":{"line":176,"column":10}},"49":{"start":{"line":178,"column":8},"end":{"line":182,"column":9}},"50":{"start":{"line":179,"column":12},"end":{"line":181,"column":15}},"51":{"start":{"line":185,"column":8},"end":{"line":189,"column":9}},"52":{"start":{"line":186,"column":12},"end":{"line":188,"column":15}},"53":{"start":{"line":192,"column":8},"end":{"line":196,"column":11}},"54":{"start":{"line":198,"column":8},"end":{"line":200,"column":11}},"55":{"start":{"line":202,"column":8},"end":{"line":202,"column":20}},"56":{"start":{"line":167,"column":13},"end":{"line":167,"column":33}},"57":{"start":{"line":206,"column":27},"end":{"line":259,"column":1}},"58":{"start":{"line":207,"column":19},"end":{"line":207,"column":29}},"59":{"start":{"line":208,"column":4},"end":{"line":258,"column":5}},"60":{"start":{"line":211,"column":12},"end":{"line":211,"column":20}},"61":{"start":{"line":213,"column":8},"end":{"line":217,"column":9}},"62":{"start":{"line":214,"column":12},"end":{"line":216,"column":15}},"63":{"start":{"line":220,"column":28},"end":{"line":222,"column":10}},"64":{"start":{"line":224,"column":8},"end":{"line":228,"column":9}},"65":{"start":{"line":225,"column":12},"end":{"line":227,"column":15}},"66":{"start":{"line":231,"column":35},"end":{"line":231,"column":51}},"67":{"start":{"line":232,"column":27},"end":{"line":232,"column":65}},"68":{"start":{"line":235,"column":8},"end":{"line":239,"column":9}},"69":{"start":{"line":236,"column":12},"end":{"line":238,"column":15}},"70":{"start":{"line":242,"column":39},"end":{"line":248,"column":10}},"71":{"start":{"line":250,"column":8},"end":{"line":255,"column":11}},"72":{"start":{"line":257,"column":8},"end":{"line":257,"column":20}},"73":{"start":{"line":206,"column":13},"end":{"line":206,"column":27}},"74":{"start":{"line":261,"column":43},"end":{"line":283,"column":1}},"75":{"start":{"line":262,"column":4},"end":{"line":282,"column":5}},"76":{"start":{"line":263,"column":32},"end":{"line":263,"column":41}},"77":{"start":{"line":265,"column":29},"end":{"line":277,"column":10}},"78":{"start":{"line":279,"column":8},"end":{"line":279,"column":31}},"79":{"start":{"line":281,"column":8},"end":{"line":281,"column":20}},"80":{"start":{"line":261,"column":13},"end":{"line":261,"column":43}},"81":{"start":{"line":285,"column":34},"end":{"line":342,"column":1}},"82":{"start":{"line":286,"column":4},"end":{"line":341,"column":5}},"83":{"start":{"line":293,"column":12},"end":{"line":293,"column":21}},"84":{"start":{"line":295,"column":37},"end":{"line":295,"column":39}},"85":{"start":{"line":297,"column":8},"end":{"line":302,"column":9}},"86":{"start":{"line":298,"column":12},"end":{"line":301,"column":14}},"87":{"start":{"line":304,"column":8},"end":{"line":309,"column":9}},"88":{"start":{"line":305,"column":12},"end":{"line":308,"column":14}},"89":{"start":{"line":311,"column":8},"end":{"line":316,"column":9}},"90":{"start":{"line":312,"column":12},"end":{"line":315,"column":14}},"91":{"start":{"line":318,"column":8},"end":{"line":320,"column":9}},"92":{"start":{"line":319,"column":12},"end":{"line":319,"column":83}},"93":{"start":{"line":322,"column":8},"end":{"line":326,"column":9}},"94":{"start":{"line":323,"column":12},"end":{"line":325,"column":14}},"95":{"start":{"line":328,"column":29},"end":{"line":336,"column":10}},"96":{"start":{"line":338,"column":8},"end":{"line":338,"column":31}},"97":{"start":{"line":340,"column":8},"end":{"line":340,"column":20}},"98":{"start":{"line":285,"column":13},"end":{"line":285,"column":34}},"99":{"start":{"line":344,"column":42},"end":{"line":364,"column":1}},"100":{"start":{"line":345,"column":4},"end":{"line":363,"column":5}},"101":{"start":{"line":346,"column":29},"end":{"line":358,"column":10}},"102":{"start":{"line":360,"column":8},"end":{"line":360,"column":31}},"103":{"start":{"line":362,"column":8},"end":{"line":362,"column":20}},"104":{"start":{"line":344,"column":13},"end":{"line":344,"column":42}},"105":{"start":{"line":366,"column":43},"end":{"line":410,"column":1}},"106":{"start":{"line":367,"column":4},"end":{"line":409,"column":5}},"107":{"start":{"line":375,"column":12},"end":{"line":394,"column":10}},"108":{"start":{"line":396,"column":29},"end":{"line":404,"column":10}},"109":{"start":{"line":406,"column":8},"end":{"line":406,"column":31}},"110":{"start":{"line":408,"column":8},"end":{"line":408,"column":20}},"111":{"start":{"line":366,"column":13},"end":{"line":366,"column":43}}},"fnMap":{"0":{"name":"(anonymous_0)","decl":{"start":{"line":6,"column":31},"end":{"line":6,"column":36}},"loc":{"start":{"line":6,"column":89},"end":{"line":20,"column":1}}},"1":{"name":"(anonymous_1)","decl":{"start":{"line":22,"column":34},"end":{"line":22,"column":39}},"loc":{"start":{"line":22,"column":92},"end":{"line":44,"column":1}}},"2":{"name":"(anonymous_2)","decl":{"start":{"line":46,"column":33},"end":{"line":46,"column":38}},"loc":{"start":{"line":46,"column":91},"end":{"line":101,"column":1}}},"3":{"name":"(anonymous_3)","decl":{"start":{"line":103,"column":33},"end":{"line":103,"column":38}},"loc":{"start":{"line":103,"column":91},"end":{"line":165,"column":1}}},"4":{"name":"(anonymous_4)","decl":{"start":{"line":167,"column":33},"end":{"line":167,"column":38}},"loc":{"start":{"line":167,"column":91},"end":{"line":204,"column":1}}},"5":{"name":"(anonymous_5)","decl":{"start":{"line":206,"column":27},"end":{"line":206,"column":32}},"loc":{"start":{"line":206,"column":85},"end":{"line":259,"column":1}}},"6":{"name":"(anonymous_6)","decl":{"start":{"line":261,"column":43},"end":{"line":261,"column":48}},"loc":{"start":{"line":261,"column":101},"end":{"line":283,"column":1}}},"7":{"name":"(anonymous_7)","decl":{"start":{"line":285,"column":34},"end":{"line":285,"column":39}},"loc":{"start":{"line":285,"column":92},"end":{"line":342,"column":1}}},"8":{"name":"(anonymous_8)","decl":{"start":{"line":344,"column":42},"end":{"line":344,"column":47}},"loc":{"start":{"line":344,"column":100},"end":{"line":364,"column":1}}},"9":{"name":"(anonymous_9)","decl":{"start":{"line":366,"column":43},"end":{"line":366,"column":48}},"loc":{"start":{"line":366,"column":101},"end":{"line":410,"column":1}}}},"branchMap":{"0":{"loc":{"start":{"line":34,"column":8},"end":{"line":38,"column":9}},"type":"if","locations":[{"start":{"line":34,"column":8},"end":{"line":38,"column":9}},{"start":{},"end":{}}]},"1":{"loc":{"start":{"line":54,"column":12},"end":{"line":54,"column":21}},"type":"default-arg","locations":[{"start":{"line":54,"column":20},"end":{"line":54,"column":21}}]},"2":{"loc":{"start":{"line":56,"column":12},"end":{"line":56,"column":40}},"type":"default-arg","locations":[{"start":{"line":56,"column":35},"end":{"line":56,"column":40}}]},"3":{"loc":{"start":{"line":60,"column":8},"end":{"line":64,"column":9}},"type":"if","locations":[{"start":{"line":60,"column":8},"end":{"line":64,"column":9}},{"start":{},"end":{}}]},"4":{"loc":{"start":{"line":67,"column":8},"end":{"line":71,"column":9}},"type":"if","locations":[{"start":{"line":67,"column":8},"end":{"line":71,"column":9}},{"start":{},"end":{}}]},"5":{"loc":{"start":{"line":74,"column":8},"end":{"line":78,"column":9}},"type":"if","locations":[{"start":{"line":74,"column":8},"end":{"line":78,"column":9}},{"start":{},"end":{}}]},"6":{"loc":{"start":{"line":74,"column":12},"end":{"line":74,"column":46}},"type":"binary-expr","locations":[{"start":{"line":74,"column":12},"end":{"line":74,"column":32}},{"start":{"line":74,"column":36},"end":{"line":74,"column":46}}]},"7":{"loc":{"start":{"line":89,"column":24},"end":{"line":89,"column":54}},"type":"cond-expr","locations":[{"start":{"line":89,"column":33},"end":{"line":89,"column":47}},{"start":{"line":89,"column":50},"end":{"line":89,"column":54}}]},"8":{"loc":{"start":{"line":122,"column":8},"end":{"line":126,"column":9}},"type":"if","locations":[{"start":{"line":122,"column":8},"end":{"line":126,"column":9}},{"start":{},"end":{}}]},"9":{"loc":{"start":{"line":129,"column":8},"end":{"line":133,"column":9}},"type":"if","locations":[{"start":{"line":129,"column":8},"end":{"line":133,"column":9}},{"start":{},"end":{}}]},"10":{"loc":{"start":{"line":129,"column":12},"end":{"line":129,"column":44}},"type":"binary-expr","locations":[{"start":{"line":129,"column":12},"end":{"line":129,"column":31}},{"start":{"line":129,"column":35},"end":{"line":129,"column":44}}]},"11":{"loc":{"start":{"line":136,"column":8},"end":{"line":140,"column":9}},"type":"if","locations":[{"start":{"line":136,"column":8},"end":{"line":140,"column":9}},{"start":{},"end":{}}]},"12":{"loc":{"start":{"line":136,"column":12},"end":{"line":136,"column":46}},"type":"binary-expr","locations":[{"start":{"line":136,"column":12},"end":{"line":136,"column":32}},{"start":{"line":136,"column":36},"end":{"line":136,"column":46}}]},"13":{"loc":{"start":{"line":152,"column":23},"end":{"line":152,"column":70}},"type":"cond-expr","locations":[{"start":{"line":152,"column":45},"end":{"line":152,"column":58}},{"start":{"line":152,"column":61},"end":{"line":152,"column":70}}]},"14":{"loc":{"start":{"line":153,"column":24},"end":{"line":153,"column":73}},"type":"cond-expr","locations":[{"start":{"line":153,"column":47},"end":{"line":153,"column":61}},{"start":{"line":153,"column":64},"end":{"line":153,"column":73}}]},"15":{"loc":{"start":{"line":154,"column":38},"end":{"line":154,"column":116}},"type":"cond-expr","locations":[{"start":{"line":154,"column":75},"end":{"line":154,"column":104}},{"start":{"line":154,"column":107},"end":{"line":154,"column":116}}]},"16":{"loc":{"start":{"line":178,"column":8},"end":{"line":182,"column":9}},"type":"if","locations":[{"start":{"line":178,"column":8},"end":{"line":182,"column":9}},{"start":{},"end":{}}]},"17":{"loc":{"start":{"line":185,"column":8},"end":{"line":189,"column":9}},"type":"if","locations":[{"start":{"line":185,"column":8},"end":{"line":189,"column":9}},{"start":{},"end":{}}]},"18":{"loc":{"start":{"line":213,"column":8},"end":{"line":217,"column":9}},"type":"if","locations":[{"start":{"line":213,"column":8},"end":{"line":217,"column":9}},{"start":{},"end":{}}]},"19":{"loc":{"start":{"line":224,"column":8},"end":{"line":228,"column":9}},"type":"if","locations":[{"start":{"line":224,"column":8},"end":{"line":228,"column":9}},{"start":{},"end":{}}]},"20":{"loc":{"start":{"line":235,"column":8},"end":{"line":239,"column":9}},"type":"if","locations":[{"start":{"line":235,"column":8},"end":{"line":239,"column":9}},{"start":{},"end":{}}]},"21":{"loc":{"start":{"line":263,"column":16},"end":{"line":263,"column":27}},"type":"default-arg","locations":[{"start":{"line":263,"column":25},"end":{"line":263,"column":27}}]},"22":{"loc":{"start":{"line":297,"column":8},"end":{"line":302,"column":9}},"type":"if","locations":[{"start":{"line":297,"column":8},"end":{"line":302,"column":9}},{"start":{},"end":{}}]},"23":{"loc":{"start":{"line":304,"column":8},"end":{"line":309,"column":9}},"type":"if","locations":[{"start":{"line":304,"column":8},"end":{"line":309,"column":9}},{"start":{},"end":{}}]},"24":{"loc":{"start":{"line":311,"column":8},"end":{"line":316,"column":9}},"type":"if","locations":[{"start":{"line":311,"column":8},"end":{"line":316,"column":9}},{"start":{},"end":{}}]},"25":{"loc":{"start":{"line":318,"column":8},"end":{"line":320,"column":9}},"type":"if","locations":[{"start":{"line":318,"column":8},"end":{"line":320,"column":9}},{"start":{},"end":{}}]},"26":{"loc":{"start":{"line":322,"column":8},"end":{"line":326,"column":9}},"type":"if","locations":[{"start":{"line":322,"column":8},"end":{"line":326,"column":9}},{"start":{},"end":{}}]},"27":{"loc":{"start":{"line":402,"column":24},"end":{"line":402,"column":50}},"type":"binary-expr","locations":[{"start":{"line":402,"column":24},"end":{"line":402,"column":45}},{"start":{"line":402,"column":49},"end":{"line":402,"column":50}}]},"28":{"loc":{"start":{"line":403,"column":34},"end":{"line":403,"column":71}},"type":"binary-expr","locations":[{"start":{"line":403,"column":34},"end":{"line":403,"column":66}},{"start":{"line":403,"column":70},"end":{"line":403,"column":71}}]}},"s":{"0":3,"1":3,"2":3,"3":0,"4":0,"5":0,"6":0,"7":3,"8":3,"9":0,"10":0,"11":0,"12":0,"13":0,"14":0,"15":0,"16":3,"17":3,"18":0,"19":0,"20":0,"21":0,"22":0,"23":0,"24":0,"25":0,"26":0,"27":0,"28":0,"29":3,"30":3,"31":0,"32":0,"33":0,"34":0,"35":0,"36":0,"37":0,"38":0,"39":0,"40":0,"41":0,"42":0,"43":0,"44":3,"45":3,"46":0,"47":0,"48":0,"49":0,"50":0,"51":0,"52":0,"53":0,"54":0,"55":0,"56":3,"57":3,"58":0,"59":0,"60":0,"61":0,"62":0,"63":0,"64":0,"65":0,"66":0,"67":0,"68":0,"69":0,"70":0,"71":0,"72":0,"73":3,"74":3,"75":0,"76":0,"77":0,"78":0,"79":0,"80":3,"81":3,"82":0,"83":0,"84":0,"85":0,"86":0,"87":0,"88":0,"89":0,"90":0,"91":0,"92":0,"93":0,"94":0,"95":0,"96":0,"97":0,"98":3,"99":3,"100":0,"101":0,"102":0,"103":0,"104":3,"105":3,"106":0,"107":0,"108":0,"109":0,"110":0,"111":3},"f":{"0":0,"1":0,"2":0,"3":0,"4":0,"5":0,"6":0,"7":0,"8":0,"9":0},"b":{"0":[0,0],"1":[0],"2":[0],"3":[0,0],"4":[0,0],"5":[0,0],"6":[0,0],"7":[0,0],"8":[0,0],"9":[0,0],"10":[0,0],"11":[0,0],"12":[0,0],"13":[0,0],"14":[0,0],"15":[0,0],"16":[0,0],"17":[0,0],"18":[0,0],"19":[0,0],"20":[0,0],"21":[0],"22":[0,0],"23":[0,0],"24":[0,0],"25":[0,0],"26":[0,0],"27":[0,0],"28":[0,0]}}
,"C:\\Users\\SAMU\\Desktop\\back-end\\Registro-pacientes-Veterinaria\\src\\controllers\\paciente.controller.ts": {"path":"C:\\Users\\SAMU\\Desktop\\back-end\\Registro-pacientes-Veterinaria\\src\\controllers\\paciente.controller.ts","statementMap":{"0":{"start":{"line":2,"column":0},"end":{"line":2,"column":46}},"1":{"start":{"line":4,"column":15},"end":{"line":4,"column":33}},"2":{"start":{"line":6,"column":30},"end":{"line":35,"column":1}},"3":{"start":{"line":16,"column":8},"end":{"line":16,"column":16}},"4":{"start":{"line":18,"column":4},"end":{"line":34,"column":5}},"5":{"start":{"line":19,"column":30},"end":{"line":30,"column":10}},"6":{"start":{"line":31,"column":8},"end":{"line":31,"column":32}},"7":{"start":{"line":33,"column":8},"end":{"line":33,"column":20}},"8":{"start":{"line":6,"column":13},"end":{"line":6,"column":30}},"9":{"start":{"line":36,"column":29},"end":{"line":53,"column":1}},"10":{"start":{"line":38,"column":4},"end":{"line":51,"column":5}},"11":{"start":{"line":39,"column":26},"end":{"line":47,"column":10}},"12":{"start":{"line":48,"column":8},"end":{"line":48,"column":28}},"13":{"start":{"line":50,"column":8},"end":{"line":50,"column":20}},"14":{"start":{"line":36,"column":13},"end":{"line":36,"column":29}}},"fnMap":{"0":{"name":"(anonymous_0)","decl":{"start":{"line":6,"column":30},"end":{"line":6,"column":35}},"loc":{"start":{"line":6,"column":87},"end":{"line":35,"column":1}}},"1":{"name":"(anonymous_1)","decl":{"start":{"line":36,"column":29},"end":{"line":36,"column":34}},"loc":{"start":{"line":36,"column":86},"end":{"line":53,"column":1}}}},"branchMap":{},"s":{"0":3,"1":3,"2":3,"3":1,"4":1,"5":1,"6":1,"7":0,"8":3,"9":3,"10":1,"11":1,"12":1,"13":0,"14":3},"f":{"0":1,"1":1},"b":{}}
,"C:\\Users\\SAMU\\Desktop\\back-end\\Registro-pacientes-Veterinaria\\src\\controllers\\propietario.controller.ts": {"path":"C:\\Users\\SAMU\\Desktop\\back-end\\Registro-pacientes-Veterinaria\\src\\controllers\\propietario.controller.ts","statementMap":{"0":{"start":{"line":2,"column":0},"end":{"line":2,"column":46}},"1":{"start":{"line":4,"column":15},"end":{"line":4,"column":33}},"2":{"start":{"line":6,"column":34},"end":{"line":17,"column":1}},"3":{"start":{"line":8,"column":22},"end":{"line":8,"column":32}},"4":{"start":{"line":9,"column":22},"end":{"line":14,"column":6}},"5":{"start":{"line":16,"column":2},"end":{"line":16,"column":24}},"6":{"start":{"line":6,"column":13},"end":{"line":6,"column":34}},"7":{"start":{"line":19,"column":32},"end":{"line":49,"column":1}},"8":{"start":{"line":27,"column":6},"end":{"line":27,"column":14}},"9":{"start":{"line":29,"column":2},"end":{"line":29,"column":38}},"10":{"start":{"line":30,"column":18},"end":{"line":39,"column":4}},"11":{"start":{"line":40,"column":2},"end":{"line":40,"column":54}},"12":{"start":{"line":41,"column":22},"end":{"line":45,"column":4}},"13":{"start":{"line":46,"column":2},"end":{"line":46,"column":35}},"14":{"start":{"line":48,"column":2},"end":{"line":48,"column":null}},"15":{"start":{"line":19,"column":13},"end":{"line":19,"column":32}},"16":{"start":{"line":51,"column":32},"end":{"line":58,"column":1}},"17":{"start":{"line":52,"column":4},"end":{"line":57,"column":5}},"18":{"start":{"line":53,"column":34},"end":{"line":53,"column":69}},"19":{"start":{"line":54,"column":8},"end":{"line":54,"column":36}},"20":{"start":{"line":56,"column":8},"end":{"line":56,"column":20}},"21":{"start":{"line":51,"column":13},"end":{"line":51,"column":32}}},"fnMap":{"0":{"name":"(anonymous_0)","decl":{"start":{"line":6,"column":34},"end":{"line":6,"column":39}},"loc":{"start":{"line":6,"column":91},"end":{"line":17,"column":1}}},"1":{"name":"(anonymous_1)","decl":{"start":{"line":19,"column":32},"end":{"line":19,"column":37}},"loc":{"start":{"line":19,"column":89},"end":{"line":49,"column":1}}},"2":{"name":"(anonymous_2)","decl":{"start":{"line":51,"column":32},"end":{"line":51,"column":37}},"loc":{"start":{"line":51,"column":88},"end":{"line":58,"column":1}}}},"branchMap":{},"s":{"0":3,"1":3,"2":3,"3":0,"4":0,"5":0,"6":3,"7":3,"8":0,"9":0,"10":0,"11":0,"12":0,"13":0,"14":0,"15":3,"16":3,"17":0,"18":0,"19":0,"20":0,"21":3},"f":{"0":0,"1":0,"2":0},"b":{}}
,"C:\\Users\\SAMU\\Desktop\\back-end\\Registro-pacientes-Veterinaria\\src\\controllers\\servicio.controller.ts": {"path":"C:\\Users\\SAMU\\Desktop\\back-end\\Registro-pacientes-Veterinaria\\src\\controllers\\servicio.controller.ts","statementMap":{"0":{"start":{"line":2,"column":0},"end":{"line":2,"column":46}},"1":{"start":{"line":5,"column":15},"end":{"line":5,"column":33}},"2":{"start":{"line":6,"column":27},"end":{"line":6,"column":87}},"3":{"start":{"line":9,"column":31},"end":{"line":26,"column":1}},"4":{"start":{"line":10,"column":2},"end":{"line":25,"column":3}},"5":{"start":{"line":11,"column":21},"end":{"line":20,"column":6}},"6":{"start":{"line":22,"column":4},"end":{"line":22,"column":23}},"7":{"start":{"line":24,"column":4},"end":{"line":24,"column":14}},"8":{"start":{"line":9,"column":13},"end":{"line":9,"column":31}},"9":{"start":{"line":29,"column":28},"end":{"line":65,"column":1}},"10":{"start":{"line":39,"column":8},"end":{"line":39,"column":16}},"11":{"start":{"line":41,"column":31},"end":{"line":45,"column":6}},"12":{"start":{"line":46,"column":30},"end":{"line":52,"column":6}},"13":{"start":{"line":53,"column":26},"end":{"line":62,"column":6}},"14":{"start":{"line":64,"column":4},"end":{"line":64,"column":null}},"15":{"start":{"line":29,"column":13},"end":{"line":29,"column":28}}},"fnMap":{"0":{"name":"(anonymous_0)","decl":{"start":{"line":9,"column":31},"end":{"line":9,"column":36}},"loc":{"start":{"line":9,"column":89},"end":{"line":26,"column":1}}},"1":{"name":"(anonymous_1)","decl":{"start":{"line":29,"column":28},"end":{"line":29,"column":33}},"loc":{"start":{"line":29,"column":85},"end":{"line":65,"column":1}}}},"branchMap":{"0":{"loc":{"start":{"line":35,"column":6},"end":{"line":35,"column":26}},"type":"default-arg","locations":[{"start":{"line":35,"column":15},"end":{"line":35,"column":26}}]}},"s":{"0":3,"1":3,"2":3,"3":3,"4":1,"5":1,"6":1,"7":0,"8":3,"9":3,"10":1,"11":1,"12":1,"13":1,"14":1,"15":3},"f":{"0":1,"1":1},"b":{"0":[1]}}
,"C:\\Users\\SAMU\\Desktop\\back-end\\Registro-pacientes-Veterinaria\\src\\controllers\\user.controller.ts": {"path":"C:\\Users\\SAMU\\Desktop\\back-end\\Registro-pacientes-Veterinaria\\src\\controllers\\user.controller.ts","statementMap":{"0":{"start":{"line":2,"column":0},"end":{"line":2,"column":46}},"1":{"start":{"line":3,"column":0},"end":{"line":3,"column":30}},"2":{"start":{"line":5,"column":15},"end":{"line":5,"column":33}},"3":{"start":{"line":8,"column":25},"end":{"line":15,"column":1}},"4":{"start":{"line":9,"column":4},"end":{"line":14,"column":5}},"5":{"start":{"line":10,"column":22},"end":{"line":10,"column":50}},"6":{"start":{"line":11,"column":8},"end":{"line":11,"column":24}},"7":{"start":{"line":13,"column":8},"end":{"line":13,"column":20}},"8":{"start":{"line":8,"column":14},"end":{"line":8,"column":25}},"9":{"start":{"line":16,"column":25},"end":{"line":33,"column":1}},"10":{"start":{"line":17,"column":17},"end":{"line":17,"column":27}},"11":{"start":{"line":18,"column":4},"end":{"line":32,"column":5}},"12":{"start":{"line":19,"column":22},"end":{"line":28,"column":10}},"13":{"start":{"line":29,"column":8},"end":{"line":29,"column":24}},"14":{"start":{"line":31,"column":8},"end":{"line":31,"column":20}},"15":{"start":{"line":16,"column":13},"end":{"line":16,"column":25}},"16":{"start":{"line":34,"column":26},"end":{"line":102,"column":1}},"17":{"start":{"line":35,"column":4},"end":{"line":101,"column":5}},"18":{"start":{"line":46,"column":12},"end":{"line":46,"column":20}},"19":{"start":{"line":49,"column":8},"end":{"line":53,"column":9}},"20":{"start":{"line":50,"column":12},"end":{"line":52,"column":15}},"21":{"start":{"line":54,"column":22},"end":{"line":54,"column":30}},"22":{"start":{"line":56,"column":12},"end":{"line":56,"column":23}},"23":{"start":{"line":58,"column":29},"end":{"line":58,"column":60}},"24":{"start":{"line":61,"column":23},"end":{"line":96,"column":10}},"25":{"start":{"line":63,"column":28},"end":{"line":72,"column":14}},"26":{"start":{"line":75,"column":25},"end":{"line":87,"column":14}},"27":{"start":{"line":88,"column":12},"end":{"line":93,"column":15}},"28":{"start":{"line":95,"column":12},"end":{"line":95,"column":24}},"29":{"start":{"line":98,"column":8},"end":{"line":98,"column":37}},"30":{"start":{"line":100,"column":8},"end":{"line":100,"column":20}},"31":{"start":{"line":34,"column":13},"end":{"line":34,"column":26}},"32":{"start":{"line":103,"column":26},"end":{"line":139,"column":1}},"33":{"start":{"line":104,"column":2},"end":{"line":138,"column":3}},"34":{"start":{"line":105,"column":19},"end":{"line":105,"column":29}},"35":{"start":{"line":106,"column":69},"end":{"line":106,"column":77}},"36":{"start":{"line":109,"column":4},"end":{"line":111,"column":5}},"37":{"start":{"line":110,"column":6},"end":{"line":110,"column":74}},"38":{"start":{"line":114,"column":24},"end":{"line":133,"column":6}},"39":{"start":{"line":135,"column":4},"end":{"line":135,"column":26}},"40":{"start":{"line":137,"column":4},"end":{"line":137,"column":16}},"41":{"start":{"line":103,"column":13},"end":{"line":103,"column":26}}},"fnMap":{"0":{"name":"(anonymous_1)","decl":{"start":{"line":8,"column":25},"end":{"line":8,"column":30}},"loc":{"start":{"line":8,"column":82},"end":{"line":15,"column":1}}},"1":{"name":"(anonymous_2)","decl":{"start":{"line":16,"column":25},"end":{"line":16,"column":30}},"loc":{"start":{"line":16,"column":82},"end":{"line":33,"column":1}}},"2":{"name":"(anonymous_3)","decl":{"start":{"line":34,"column":26},"end":{"line":34,"column":31}},"loc":{"start":{"line":34,"column":84},"end":{"line":102,"column":1}}},"3":{"name":"(anonymous_4)","decl":{"start":{"line":61,"column":49},"end":{"line":61,"column":54}},"loc":{"start":{"line":61,"column":66},"end":{"line":96,"column":9}}},"4":{"name":"(anonymous_5)","decl":{"start":{"line":103,"column":26},"end":{"line":103,"column":31}},"loc":{"start":{"line":103,"column":84},"end":{"line":139,"column":1}}}},"branchMap":{"0":{"loc":{"start":{"line":38,"column":12},"end":{"line":38,"column":25}},"type":"default-arg","locations":[{"start":{"line":38,"column":21},"end":{"line":38,"column":25}}]},"1":{"loc":{"start":{"line":49,"column":8},"end":{"line":53,"column":9}},"type":"if","locations":[{"start":{"line":49,"column":8},"end":{"line":53,"column":9}},{"start":{},"end":{}}]},"2":{"loc":{"start":{"line":49,"column":13},"end":{"line":49,"column":60}},"type":"binary-expr","locations":[{"start":{"line":49,"column":13},"end":{"line":49,"column":22}},{"start":{"line":49,"column":26},"end":{"line":49,"column":33}},{"start":{"line":49,"column":37},"end":{"line":49,"column":46}},{"start":{"line":49,"column":50},"end":{"line":49,"column":60}}]},"3":{"loc":{"start":{"line":109,"column":4},"end":{"line":111,"column":5}},"type":"if","locations":[{"start":{"line":109,"column":4},"end":{"line":111,"column":5}},{"start":{},"end":{}}]}},"s":{"0":3,"1":3,"2":3,"3":3,"4":1,"5":1,"6":1,"7":0,"8":3,"9":3,"10":0,"11":0,"12":0,"13":0,"14":0,"15":3,"16":3,"17":2,"18":2,"19":2,"20":1,"21":1,"22":1,"23":1,"24":1,"25":1,"26":1,"27":1,"28":1,"29":1,"30":0,"31":3,"32":3,"33":0,"34":0,"35":0,"36":0,"37":0,"38":0,"39":0,"40":0,"41":3},"f":{"0":1,"1":0,"2":2,"3":1,"4":0},"b":{"0":[2],"1":[1,1],"2":[2,2,1,1],"3":[0,0]}}
,"C:\\Users\\SAMU\\Desktop\\back-end\\Registro-pacientes-Veterinaria\\src\\controllers\\weather.controller.ts": {"path":"C:\\Users\\SAMU\\Desktop\\back-end\\Registro-pacientes-Veterinaria\\src\\controllers\\weather.controller.ts","statementMap":{"0":{"start":{"line":2,"column":0},"end":{"line":2,"column":60}},"1":{"start":{"line":5,"column":28},"end":{"line":31,"column":1}},"2":{"start":{"line":7,"column":17},"end":{"line":7,"column":45}},"3":{"start":{"line":8,"column":17},"end":{"line":8,"column":45}},"4":{"start":{"line":10,"column":4},"end":{"line":12,"column":5}},"5":{"start":{"line":11,"column":5},"end":{"line":11,"column":98}},"6":{"start":{"line":14,"column":4},"end":{"line":27,"column":5}},"7":{"start":{"line":15,"column":26},"end":{"line":15,"column":57}},"8":{"start":{"line":17,"column":8},"end":{"line":19,"column":9}},"9":{"start":{"line":18,"column":11},"end":{"line":18,"column":89}},"10":{"start":{"line":21,"column":8},"end":{"line":21,"column":75}},"11":{"start":{"line":25,"column":8},"end":{"line":25,"column":93}},"12":{"start":{"line":5,"column":13},"end":{"line":5,"column":28}}},"fnMap":{"0":{"name":"(anonymous_0)","decl":{"start":{"line":5,"column":28},"end":{"line":5,"column":33}},"loc":{"start":{"line":5,"column":67},"end":{"line":31,"column":1}}}},"branchMap":{"0":{"loc":{"start":{"line":7,"column":24},"end":{"line":7,"column":44}},"type":"binary-expr","locations":[{"start":{"line":7,"column":24},"end":{"line":7,"column":38}},{"start":{"line":7,"column":42},"end":{"line":7,"column":44}}]},"1":{"loc":{"start":{"line":8,"column":24},"end":{"line":8,"column":44}},"type":"binary-expr","locations":[{"start":{"line":8,"column":24},"end":{"line":8,"column":38}},{"start":{"line":8,"column":42},"end":{"line":8,"column":44}}]},"2":{"loc":{"start":{"line":10,"column":4},"end":{"line":12,"column":5}},"type":"if","locations":[{"start":{"line":10,"column":4},"end":{"line":12,"column":5}},{"start":{},"end":{}}]},"3":{"loc":{"start":{"line":10,"column":8},"end":{"line":10,"column":22}},"type":"binary-expr","locations":[{"start":{"line":10,"column":8},"end":{"line":10,"column":13}},{"start":{"line":10,"column":17},"end":{"line":10,"column":22}}]},"4":{"loc":{"start":{"line":17,"column":8},"end":{"line":19,"column":9}},"type":"if","locations":[{"start":{"line":17,"column":8},"end":{"line":19,"column":9}},{"start":{},"end":{}}]}},"s":{"0":3,"1":3,"2":0,"3":0,"4":0,"5":0,"6":0,"7":0,"8":0,"9":0,"10":0,"11":0,"12":3},"f":{"0":0},"b":{"0":[0,0],"1":[0,0],"2":[0,0],"3":[0,0],"4":[0,0]}}
,"C:\\Users\\SAMU\\Desktop\\back-end\\Registro-pacientes-Veterinaria\\src\\middleware\\errorHandler.ts": {"path":"C:\\Users\\SAMU\\Desktop\\back-end\\Registro-pacientes-Veterinaria\\src\\middleware\\errorHandler.ts","statementMap":{"0":{"start":{"line":2,"column":28},"end":{"line":5,"column":1}},"1":{"start":{"line":3,"column":4},"end":{"line":3,"column":29}},"2":{"start":{"line":4,"column":4},"end":{"line":4,"column":81}},"3":{"start":{"line":2,"column":13},"end":{"line":2,"column":28}}},"fnMap":{"0":{"name":"(anonymous_0)","decl":{"start":{"line":2,"column":28},"end":{"line":2,"column":29}},"loc":{"start":{"line":2,"column":89},"end":{"line":5,"column":1}}}},"branchMap":{"0":{"loc":{"start":{"line":4,"column":34},"end":{"line":4,"column":77}},"type":"binary-expr","locations":[{"start":{"line":4,"column":34},"end":{"line":4,"column":45}},{"start":{"line":4,"column":49},"end":{"line":4,"column":77}}]}},"s":{"0":3,"1":0,"2":0,"3":3},"f":{"0":0},"b":{"0":[0,0]}}
,"C:\\Users\\SAMU\\Desktop\\back-end\\Registro-pacientes-Veterinaria\\src\\middleware\\logger.ts": {"path":"C:\\Users\\SAMU\\Desktop\\back-end\\Registro-pacientes-Veterinaria\\src\\middleware\\logger.ts","statementMap":{"0":{"start":{"line":3,"column":22},"end":{"line":6,"column":1}},"1":{"start":{"line":4,"column":4},"end":{"line":4,"column":46}},"2":{"start":{"line":5,"column":4},"end":{"line":5,"column":11}},"3":{"start":{"line":3,"column":13},"end":{"line":3,"column":22}}},"fnMap":{"0":{"name":"(anonymous_0)","decl":{"start":{"line":3,"column":22},"end":{"line":3,"column":23}},"loc":{"start":{"line":3,"column":74},"end":{"line":6,"column":1}}}},"branchMap":{},"s":{"0":3,"1":7,"2":7,"3":3},"f":{"0":7},"b":{}}
,"C:\\Users\\SAMU\\Desktop\\back-end\\Registro-pacientes-Veterinaria\\src\\routes\\login.routes.ts": {"path":"C:\\Users\\SAMU\\Desktop\\back-end\\Registro-pacientes-Veterinaria\\src\\routes\\login.routes.ts","statementMap":{"0":{"start":{"line":1,"column":0},"end":{"line":1,"column":33}},"1":{"start":{"line":2,"column":0},"end":{"line":2,"column":55}},"2":{"start":{"line":4,"column":15},"end":{"line":4,"column":23}},"3":{"start":{"line":6,"column":0},"end":{"line":6,"column":29}},"4":{"start":{"line":9,"column":0},"end":{"line":9,"column":22}}},"fnMap":{},"branchMap":{},"s":{"0":3,"1":3,"2":3,"3":3,"4":3},"f":{},"b":{}}
,"C:\\Users\\SAMU\\Desktop\\back-end\\Registro-pacientes-Veterinaria\\src\\routes\\medicamentos.routes.ts": {"path":"C:\\Users\\SAMU\\Desktop\\back-end\\Registro-pacientes-Veterinaria\\src\\routes\\medicamentos.routes.ts","statementMap":{"0":{"start":{"line":1,"column":0},"end":{"line":1,"column":33}},"1":{"start":{"line":2,"column":0},"end":{"line":2,"column":null}},"2":{"start":{"line":14,"column":0},"end":{"line":14,"column":49}},"3":{"start":{"line":16,"column":15},"end":{"line":16,"column":23}},"4":{"start":{"line":19,"column":0},"end":{"line":19,"column":58}},"5":{"start":{"line":20,"column":0},"end":{"line":20,"column":61}},"6":{"start":{"line":21,"column":0},"end":{"line":21,"column":65}},"7":{"start":{"line":22,"column":0},"end":{"line":22,"column":64}},"8":{"start":{"line":23,"column":0},"end":{"line":23,"column":67}},"9":{"start":{"line":26,"column":0},"end":{"line":26,"column":66}},"10":{"start":{"line":27,"column":0},"end":{"line":27,"column":81}},"11":{"start":{"line":28,"column":0},"end":{"line":28,"column":87}},"12":{"start":{"line":29,"column":0},"end":{"line":29,"column":76}},"13":{"start":{"line":30,"column":0},"end":{"line":30,"column":91}},"14":{"start":{"line":32,"column":0},"end":{"line":32,"column":22}}},"fnMap":{},"branchMap":{},"s":{"0":3,"1":3,"2":3,"3":3,"4":3,"5":3,"6":3,"7":3,"8":3,"9":3,"10":3,"11":3,"12":3,"13":3,"14":3},"f":{},"b":{}}
,"C:\\Users\\SAMU\\Desktop\\back-end\\Registro-pacientes-Veterinaria\\src\\routes\\paciente.routes.ts": {"path":"C:\\Users\\SAMU\\Desktop\\back-end\\Registro-pacientes-Veterinaria\\src\\routes\\paciente.routes.ts","statementMap":{"0":{"start":{"line":1,"column":0},"end":{"line":1,"column":33}},"1":{"start":{"line":2,"column":0},"end":{"line":2,"column":81}},"2":{"start":{"line":3,"column":0},"end":{"line":3,"column":49}},"3":{"start":{"line":5,"column":15},"end":{"line":5,"column":23}},"4":{"start":{"line":7,"column":0},"end":{"line":7,"column":53}},"5":{"start":{"line":8,"column":0},"end":{"line":8,"column":51}},"6":{"start":{"line":10,"column":0},"end":{"line":10,"column":22}}},"fnMap":{},"branchMap":{},"s":{"0":3,"1":3,"2":3,"3":3,"4":3,"5":3,"6":3},"f":{},"b":{}}
,"C:\\Users\\SAMU\\Desktop\\back-end\\Registro-pacientes-Veterinaria\\src\\routes\\propietario.route.ts": {"path":"C:\\Users\\SAMU\\Desktop\\back-end\\Registro-pacientes-Veterinaria\\src\\routes\\propietario.route.ts","statementMap":{"0":{"start":{"line":1,"column":0},"end":{"line":1,"column":33}},"1":{"start":{"line":2,"column":0},"end":{"line":2,"column":93}},"2":{"start":{"line":3,"column":0},"end":{"line":3,"column":49}},"3":{"start":{"line":6,"column":15},"end":{"line":6,"column":23}},"4":{"start":{"line":8,"column":0},"end":{"line":8,"column":70}},"5":{"start":{"line":9,"column":0},"end":{"line":9,"column":59}},"6":{"start":{"line":13,"column":0},"end":{"line":13,"column":22}}},"fnMap":{},"branchMap":{},"s":{"0":3,"1":3,"2":3,"3":3,"4":3,"5":3,"6":3},"f":{},"b":{}}
,"C:\\Users\\SAMU\\Desktop\\back-end\\Registro-pacientes-Veterinaria\\src\\routes\\servicio.route.ts": {"path":"C:\\Users\\SAMU\\Desktop\\back-end\\Registro-pacientes-Veterinaria\\src\\routes\\servicio.route.ts","statementMap":{"0":{"start":{"line":1,"column":0},"end":{"line":1,"column":33}},"1":{"start":{"line":2,"column":0},"end":{"line":2,"column":null}},"2":{"start":{"line":6,"column":0},"end":{"line":6,"column":49}},"3":{"start":{"line":8,"column":15},"end":{"line":8,"column":23}},"4":{"start":{"line":10,"column":0},"end":{"line":10,"column":54}},"5":{"start":{"line":11,"column":0},"end":{"line":11,"column":52}},"6":{"start":{"line":14,"column":0},"end":{"line":14,"column":22}}},"fnMap":{},"branchMap":{},"s":{"0":3,"1":3,"2":3,"3":3,"4":3,"5":3,"6":3},"f":{},"b":{}}
,"C:\\Users\\SAMU\\Desktop\\back-end\\Registro-pacientes-Veterinaria\\src\\routes\\user.routes.ts": {"path":"C:\\Users\\SAMU\\Desktop\\back-end\\Registro-pacientes-Veterinaria\\src\\routes\\user.routes.ts","statementMap":{"0":{"start":{"line":1,"column":0},"end":{"line":1,"column":33}},"1":{"start":{"line":2,"column":0},"end":{"line":2,"column":null}},"2":{"start":{"line":6,"column":0},"end":{"line":6,"column":49}},"3":{"start":{"line":8,"column":15},"end":{"line":8,"column":23}},"4":{"start":{"line":10,"column":0},"end":{"line":10,"column":42}},"5":{"start":{"line":11,"column":0},"end":{"line":11,"column":33}},"6":{"start":{"line":12,"column":0},"end":{"line":12,"column":null}},"7":{"start":{"line":13,"column":0},"end":{"line":13,"column":37}},"8":{"start":{"line":17,"column":0},"end":{"line":17,"column":22}}},"fnMap":{},"branchMap":{},"s":{"0":3,"1":3,"2":3,"3":3,"4":3,"5":3,"6":3,"7":3,"8":3},"f":{},"b":{}}
,"C:\\Users\\SAMU\\Desktop\\back-end\\Registro-pacientes-Veterinaria\\src\\routes\\weather.routes.ts": {"path":"C:\\Users\\SAMU\\Desktop\\back-end\\Registro-pacientes-Veterinaria\\src\\routes\\weather.routes.ts","statementMap":{"0":{"start":{"line":1,"column":0},"end":{"line":1,"column":33}},"1":{"start":{"line":2,"column":0},"end":{"line":2,"column":65}},"2":{"start":{"line":6,"column":14},"end":{"line":6,"column":22}},"3":{"start":{"line":8,"column":0},"end":{"line":8,"column":35}},"4":{"start":{"line":10,"column":0},"end":{"line":10,"column":21}}},"fnMap":{},"branchMap":{},"s":{"0":3,"1":3,"2":3,"3":3,"4":3},"f":{},"b":{}}
,"C:\\Users\\SAMU\\Desktop\\back-end\\Registro-pacientes-Veterinaria\\src\\services\\weather.service.ts": {"path":"C:\\Users\\SAMU\\Desktop\\back-end\\Registro-pacientes-Veterinaria\\src\\services\\weather.service.ts","statementMap":{"0":{"start":{"line":55,"column":0},"end":{"line":55,"column":7}},"1":{"start":{"line":86,"column":0},"end":{"line":86,"column":16}},"2":{"start":{"line":1,"column":0},"end":{"line":1,"column":26}},"3":{"start":{"line":30,"column":14},"end":{"line":32,"column":37}},"4":{"start":{"line":34,"column":2},"end":{"line":44,"column":3}},"5":{"start":{"line":35,"column":21},"end":{"line":35,"column":58}},"6":{"start":{"line":37,"column":4},"end":{"line":37,"column":64}},"7":{"start":{"line":37,"column":52},"end":{"line":37,"column":64}},"8":{"start":{"line":39,"column":51},"end":{"line":39,"column":66}},"9":{"start":{"line":40,"column":4},"end":{"line":40,"column":50}},"10":{"start":{"line":42,"column":4},"end":{"line":42,"column":50}},"11":{"start":{"line":43,"column":4},"end":{"line":43,"column":16}},"12":{"start":{"line":48,"column":12},"end":{"line":48,"column":29}},"13":{"start":{"line":49,"column":15},"end":{"line":49,"column":33}},"14":{"start":{"line":50,"column":13},"end":{"line":50,"column":57}},"15":{"start":{"line":51,"column":13},"end":{"line":51,"column":52}},"16":{"start":{"line":52,"column":2},"end":{"line":52,"column":31}},"17":{"start":{"line":56,"column":2},"end":{"line":84,"column":3}},"18":{"start":{"line":57,"column":16},"end":{"line":57,"column":39}},"19":{"start":{"line":58,"column":4},"end":{"line":58,"column":74}},"20":{"start":{"line":58,"column":14},"end":{"line":58,"column":74}},"21":{"start":{"line":60,"column":17},"end":{"line":60,"column":39}},"22":{"start":{"line":61,"column":16},"end":{"line":61,"column":232}},"23":{"start":{"line":63,"column":21},"end":{"line":63,"column":58}},"24":{"start":{"line":65,"column":4},"end":{"line":67,"column":5}},"25":{"start":{"line":66,"column":6},"end":{"line":66,"column":61}},"26":{"start":{"line":69,"column":4},"end":{"line":77,"column":6}},"27":{"start":{"line":79,"column":4},"end":{"line":79,"column":52}},"28":{"start":{"line":80,"column":4},"end":{"line":83,"column":6}},"29":{"start":{"line":87,"column":50},"end":{"line":110,"column":4}},"30":{"start":{"line":112,"column":2},"end":{"line":112,"column":52}}},"fnMap":{"0":{"name":"geocodeCity","decl":{"start":{"line":29,"column":15},"end":{"line":29,"column":26}},"loc":{"start":{"line":29,"column":39},"end":{"line":45,"column":1}}},"1":{"name":"formatDateUTC","decl":{"start":{"line":47,"column":9},"end":{"line":47,"column":22}},"loc":{"start":{"line":47,"column":38},"end":{"line":53,"column":1}}},"2":{"name":"getWeatherFor","decl":{"start":{"line":55,"column":22},"end":{"line":55,"column":35}},"loc":{"start":{"line":55,"column":65},"end":{"line":85,"column":1}}},"3":{"name":"getWeatherDescription","decl":{"start":{"line":86,"column":16},"end":{"line":86,"column":37}},"loc":{"start":{"line":86,"column":57},"end":{"line":113,"column":1}}}},"branchMap":{"0":{"loc":{"start":{"line":37,"column":4},"end":{"line":37,"column":64}},"type":"if","locations":[{"start":{"line":37,"column":4},"end":{"line":37,"column":64}},{"start":{},"end":{}}]},"1":{"loc":{"start":{"line":37,"column":8},"end":{"line":37,"column":50}},"type":"binary-expr","locations":[{"start":{"line":37,"column":8},"end":{"line":37,"column":21}},{"start":{"line":37,"column":25},"end":{"line":37,"column":50}}]},"2":{"loc":{"start":{"line":58,"column":4},"end":{"line":58,"column":74}},"type":"if","locations":[{"start":{"line":58,"column":4},"end":{"line":58,"column":74}},{"start":{},"end":{}}]},"3":{"loc":{"start":{"line":65,"column":4},"end":{"line":67,"column":5}},"type":"if","locations":[{"start":{"line":65,"column":4},"end":{"line":67,"column":5}},{"start":{},"end":{}}]},"4":{"loc":{"start":{"line":65,"column":8},"end":{"line":65,"column":71}},"type":"binary-expr","locations":[{"start":{"line":65,"column":8},"end":{"line":65,"column":19}},{"start":{"line":65,"column":23},"end":{"line":65,"column":39}},{"start":{"line":65,"column":43},"end":{"line":65,"column":71}}]},"5":{"loc":{"start":{"line":112,"column":9},"end":{"line":112,"column":51}},"type":"binary-expr","locations":[{"start":{"line":112,"column":9},"end":{"line":112,"column":34}},{"start":{"line":112,"column":38},"end":{"line":112,"column":51}}]}},"s":{"0":3,"1":3,"2":3,"3":0,"4":0,"5":0,"6":0,"7":0,"8":0,"9":0,"10":0,"11":0,"12":0,"13":0,"14":0,"15":0,"16":0,"17":0,"18":0,"19":0,"20":0,"21":0,"22":0,"23":0,"24":0,"25":0,"26":0,"27":0,"28":0,"29":0,"30":0},"f":{"0":0,"1":0,"2":0,"3":0},"b":{"0":[0,0],"1":[0,0],"2":[0,0],"3":[0,0],"4":[0,0,0],"5":[0,0]}}
}
