TN:
SF:src\index.ts
FNF:0
FNH:0
DA:1,3
DA:2,3
DA:3,3
DA:4,3
DA:5,3
DA:6,3
DA:7,3
DA:8,3
DA:9,3
DA:10,3
DA:11,3
DA:12,3
DA:14,3
DA:15,3
DA:17,3
DA:22,3
DA:23,3
DA:24,3
DA:25,3
DA:26,3
DA:27,3
DA:28,3
DA:29,3
DA:30,3
DA:31,3
DA:34,3
DA:36,3
DA:38,3
LF:28
LH:28
BRDA:36,0,0,3
BRDA:36,0,1,0
BRF:2
BRH:1
end_of_record
TN:
SF:src\controllers\auth.controller.ts
FN:11,(anonymous_1)
FN:51,(anonymous_2)
FN:79,(anonymous_3)
FNF:3
FNH:0
FNDA:0,(anonymous_1)
FNDA:0,(anonymous_2)
FNDA:0,(anonymous_3)
DA:1,3
DA:3,3
DA:4,3
DA:5,3
DA:6,3
DA:7,3
DA:9,3
DA:11,3
DA:12,0
DA:14,0
DA:16,0
DA:20,0
DA:21,0
DA:23,0
DA:24,0
DA:26,0
DA:27,0
DA:31,0
DA:32,0
DA:33,0
DA:37,0
DA:43,0
DA:45,0
DA:51,3
DA:52,0
DA:54,0
DA:55,0
DA:63,0
DA:64,0
DA:68,0
DA:69,0
DA:70,0
DA:79,3
DA:80,0
DA:81,0
DA:83,0
DA:85,0
DA:87,0
DA:94,0
DA:96,0
LF:40
LH:10
BRDA:20,0,0,0
BRDA:20,0,1,0
BRDA:23,1,0,0
BRDA:23,1,1,0
BRDA:26,2,0,0
BRDA:26,2,1,0
BRDA:32,3,0,0
BRDA:32,3,1,0
BRDA:63,4,0,0
BRDA:63,4,1,0
BRDA:69,5,0,0
BRDA:69,5,1,0
BRDA:69,6,0,0
BRDA:69,6,1,0
BRF:14
BRH:0
end_of_record
TN:
SF:src\controllers\medicamentos.controller.ts
FN:6,(anonymous_0)
FN:22,(anonymous_1)
FN:46,(anonymous_2)
FN:103,(anonymous_3)
FN:167,(anonymous_4)
FN:206,(anonymous_5)
FN:261,(anonymous_6)
FN:285,(anonymous_7)
FN:344,(anonymous_8)
FN:366,(anonymous_9)
FNF:10
FNH:0
FNDA:0,(anonymous_0)
FNDA:0,(anonymous_1)
FNDA:0,(anonymous_2)
FNDA:0,(anonymous_3)
FNDA:0,(anonymous_4)
FNDA:0,(anonymous_5)
FNDA:0,(anonymous_6)
FNDA:0,(anonymous_7)
FNDA:0,(anonymous_8)
FNDA:0,(anonymous_9)
DA:2,3
DA:4,3
DA:6,3
DA:7,0
DA:8,0
DA:16,0
DA:18,0
DA:22,3
DA:23,0
DA:24,0
DA:25,0
DA:34,0
DA:35,0
DA:40,0
DA:42,0
DA:46,3
DA:47,0
DA:57,0
DA:60,0
DA:61,0
DA:67,0
DA:68,0
DA:74,0
DA:75,0
DA:81,0
DA:97,0
DA:99,0
DA:103,3
DA:104,0
DA:105,0
DA:115,0
DA:118,0
DA:122,0
DA:123,0
DA:129,0
DA:130,0
DA:136,0
DA:137,0
DA:142,0
DA:161,0
DA:163,0
DA:167,3
DA:168,0
DA:169,0
DA:171,0
DA:178,0
DA:179,0
DA:185,0
DA:186,0
DA:192,0
DA:198,0
DA:202,0
DA:206,3
DA:207,0
DA:208,0
DA:211,0
DA:213,0
DA:214,0
DA:220,0
DA:224,0
DA:225,0
DA:231,0
DA:232,0
DA:235,0
DA:236,0
DA:242,0
DA:250,0
DA:257,0
DA:261,3
DA:262,0
DA:263,0
DA:265,0
DA:279,0
DA:281,0
DA:285,3
DA:286,0
DA:293,0
DA:295,0
DA:297,0
DA:298,0
DA:304,0
DA:305,0
DA:311,0
DA:312,0
DA:318,0
DA:319,0
DA:322,0
DA:323,0
DA:328,0
DA:338,0
DA:340,0
DA:344,3
DA:345,0
DA:346,0
DA:360,0
DA:362,0
DA:366,3
DA:367,0
DA:375,0
DA:396,0
DA:406,0
DA:408,0
LF:102
LH:12
BRDA:34,0,0,0
BRDA:34,0,1,0
BRDA:54,1,0,0
BRDA:56,2,0,0
BRDA:60,3,0,0
BRDA:60,3,1,0
BRDA:67,4,0,0
BRDA:67,4,1,0
BRDA:74,5,0,0
BRDA:74,5,1,0
BRDA:74,6,0,0
BRDA:74,6,1,0
BRDA:89,7,0,0
BRDA:89,7,1,0
BRDA:122,8,0,0
BRDA:122,8,1,0
BRDA:129,9,0,0
BRDA:129,9,1,0
BRDA:129,10,0,0
BRDA:129,10,1,0
BRDA:136,11,0,0
BRDA:136,11,1,0
BRDA:136,12,0,0
BRDA:136,12,1,0
BRDA:152,13,0,0
BRDA:152,13,1,0
BRDA:153,14,0,0
BRDA:153,14,1,0
BRDA:154,15,0,0
BRDA:154,15,1,0
BRDA:178,16,0,0
BRDA:178,16,1,0
BRDA:185,17,0,0
BRDA:185,17,1,0
BRDA:213,18,0,0
BRDA:213,18,1,0
BRDA:224,19,0,0
BRDA:224,19,1,0
BRDA:235,20,0,0
BRDA:235,20,1,0
BRDA:263,21,0,0
BRDA:297,22,0,0
BRDA:297,22,1,0
BRDA:304,23,0,0
BRDA:304,23,1,0
BRDA:311,24,0,0
BRDA:311,24,1,0
BRDA:318,25,0,0
BRDA:318,25,1,0
BRDA:322,26,0,0
BRDA:322,26,1,0
BRDA:402,27,0,0
BRDA:402,27,1,0
BRDA:403,28,0,0
BRDA:403,28,1,0
BRF:55
BRH:0
end_of_record
TN:
SF:src\controllers\paciente.controller.ts
FN:6,(anonymous_0)
FN:36,(anonymous_1)
FNF:2
FNH:2
FNDA:1,(anonymous_0)
FNDA:1,(anonymous_1)
DA:2,3
DA:4,3
DA:6,3
DA:16,1
DA:18,1
DA:19,1
DA:31,1
DA:33,0
DA:36,3
DA:38,1
DA:39,1
DA:48,1
DA:50,0
LF:13
LH:11
BRF:0
BRH:0
end_of_record
TN:
SF:src\controllers\propietario.controller.ts
FN:6,(anonymous_0)
FN:19,(anonymous_1)
FN:51,(anonymous_2)
FNF:3
FNH:0
FNDA:0,(anonymous_0)
FNDA:0,(anonymous_1)
FNDA:0,(anonymous_2)
DA:2,3
DA:4,3
DA:6,3
DA:8,0
DA:9,0
DA:16,0
DA:19,3
DA:27,0
DA:29,0
DA:30,0
DA:40,0
DA:41,0
DA:46,0
DA:48,0
DA:51,3
DA:52,0
DA:53,0
DA:54,0
DA:56,0
LF:19
LH:5
BRF:0
BRH:0
end_of_record
TN:
SF:src\controllers\servicio.controller.ts
FN:9,(anonymous_0)
FN:29,(anonymous_1)
FNF:2
FNH:2
FNDA:1,(anonymous_0)
FNDA:1,(anonymous_1)
DA:2,3
DA:5,3
DA:6,3
DA:9,3
DA:10,1
DA:11,1
DA:22,1
DA:24,0
DA:29,3
DA:39,1
DA:41,1
DA:46,1
DA:53,1
DA:64,1
LF:14
LH:13
BRDA:35,0,0,1
BRF:1
BRH:1
end_of_record
TN:
SF:src\controllers\user.controller.ts
FN:8,(anonymous_1)
FN:16,(anonymous_2)
FN:34,(anonymous_3)
FN:61,(anonymous_4)
FN:103,(anonymous_5)
FNF:5
FNH:3
FNDA:1,(anonymous_1)
FNDA:0,(anonymous_2)
FNDA:2,(anonymous_3)
FNDA:1,(anonymous_4)
FNDA:0,(anonymous_5)
DA:2,3
DA:3,3
DA:5,3
DA:8,3
DA:9,1
DA:10,1
DA:11,1
DA:13,0
DA:16,3
DA:17,0
DA:18,0
DA:19,0
DA:29,0
DA:31,0
DA:34,3
DA:35,2
DA:46,2
DA:49,2
DA:50,1
DA:54,1
DA:56,1
DA:58,1
DA:61,1
DA:63,1
DA:75,1
DA:88,1
DA:95,1
DA:98,1
DA:100,0
DA:103,3
DA:104,0
DA:105,0
DA:106,0
DA:109,0
DA:110,0
DA:114,0
DA:135,0
DA:137,0
LF:38
LH:23
BRDA:38,0,0,2
BRDA:49,1,0,1
BRDA:49,1,1,1
BRDA:49,2,0,2
BRDA:49,2,1,2
BRDA:49,2,2,1
BRDA:49,2,3,1
BRDA:109,3,0,0
BRDA:109,3,1,0
BRF:9
BRH:7
end_of_record
TN:
SF:src\controllers\weather.controller.ts
FN:5,(anonymous_0)
FNF:1
FNH:0
FNDA:0,(anonymous_0)
DA:2,3
DA:5,3
DA:7,0
DA:8,0
DA:10,0
DA:11,0
DA:14,0
DA:15,0
DA:17,0
DA:18,0
DA:21,0
DA:25,0
LF:12
LH:2
BRDA:7,0,0,0
BRDA:7,0,1,0
BRDA:8,1,0,0
BRDA:8,1,1,0
BRDA:10,2,0,0
BRDA:10,2,1,0
BRDA:10,3,0,0
BRDA:10,3,1,0
BRDA:17,4,0,0
BRDA:17,4,1,0
BRF:10
BRH:0
end_of_record
TN:
SF:src\middleware\errorHandler.ts
FN:2,(anonymous_0)
FNF:1
FNH:0
FNDA:0,(anonymous_0)
DA:2,3
DA:3,0
DA:4,0
LF:3
LH:1
BRDA:4,0,0,0
BRDA:4,0,1,0
BRF:2
BRH:0
end_of_record
TN:
SF:src\middleware\logger.ts
FN:3,(anonymous_0)
FNF:1
FNH:1
FNDA:7,(anonymous_0)
DA:3,3
DA:4,7
DA:5,7
LF:3
LH:3
BRF:0
BRH:0
end_of_record
TN:
SF:src\routes\login.routes.ts
FNF:0
FNH:0
DA:1,3
DA:2,3
DA:4,3
DA:6,3
DA:9,3
LF:5
LH:5
BRF:0
BRH:0
end_of_record
TN:
SF:src\routes\medicamentos.routes.ts
FNF:0
FNH:0
DA:1,3
DA:2,3
DA:14,3
DA:16,3
DA:19,3
DA:20,3
DA:21,3
DA:22,3
DA:23,3
DA:26,3
DA:27,3
DA:28,3
DA:29,3
DA:30,3
DA:32,3
LF:15
LH:15
BRF:0
BRH:0
end_of_record
TN:
SF:src\routes\paciente.routes.ts
FNF:0
FNH:0
DA:1,3
DA:2,3
DA:3,3
DA:5,3
DA:7,3
DA:8,3
DA:10,3
LF:7
LH:7
BRF:0
BRH:0
end_of_record
TN:
SF:src\routes\propietario.route.ts
FNF:0
FNH:0
DA:1,3
DA:2,3
DA:3,3
DA:6,3
DA:8,3
DA:9,3
DA:13,3
LF:7
LH:7
BRF:0
BRH:0
end_of_record
TN:
SF:src\routes\servicio.route.ts
FNF:0
FNH:0
DA:1,3
DA:2,3
DA:6,3
DA:8,3
DA:10,3
DA:11,3
DA:14,3
LF:7
LH:7
BRF:0
BRH:0
end_of_record
TN:
SF:src\routes\user.routes.ts
FNF:0
FNH:0
DA:1,3
DA:2,3
DA:6,3
DA:8,3
DA:10,3
DA:11,3
DA:12,3
DA:13,3
DA:17,3
LF:9
LH:9
BRF:0
BRH:0
end_of_record
TN:
SF:src\routes\weather.routes.ts
FNF:0
FNH:0
DA:1,3
DA:2,3
DA:6,3
DA:8,3
DA:10,3
LF:5
LH:5
BRF:0
BRH:0
end_of_record
TN:
SF:src\services\weather.service.ts
FN:29,geocodeCity
FN:47,formatDateUTC
FN:55,getWeatherFor
FN:86,getWeatherDescription
FNF:4
FNH:0
FNDA:0,geocodeCity
FNDA:0,formatDateUTC
FNDA:0,getWeatherFor
FNDA:0,getWeatherDescription
DA:1,3
DA:30,0
DA:34,0
DA:35,0
DA:37,0
DA:39,0
DA:40,0
DA:42,0
DA:43,0
DA:48,0
DA:49,0
DA:50,0
DA:51,0
DA:52,0
DA:55,3
DA:56,0
DA:57,0
DA:58,0
DA:60,0
DA:61,0
DA:63,0
DA:65,0
DA:66,0
DA:69,0
DA:79,0
DA:80,0
DA:86,3
DA:87,0
DA:112,0
LF:29
LH:3
BRDA:37,0,0,0
BRDA:37,0,1,0
BRDA:37,1,0,0
BRDA:37,1,1,0
BRDA:58,2,0,0
BRDA:58,2,1,0
BRDA:65,3,0,0
BRDA:65,3,1,0
BRDA:65,4,0,0
BRDA:65,4,1,0
BRDA:65,4,2,0
BRDA:112,5,0,0
BRDA:112,5,1,0
BRF:13
BRH:0
end_of_record
